<?xml version="1.0" encoding="UTF-8"?><testsuite name="nosetests" tests="2" errors="0" failures="1" skip="0"><testcase classname="TestCase_PayMdm.Test_CreditSearchService" name="Test_QueryBalance" time="0.471"><failure type="exceptions.AssertionError" message='interface stock is not equal redis stock&#10;-------------------- &gt;&gt; begin captured logging &lt;&lt; --------------------&#10;interface: INFO: Log file create&#10;interface.PayMdm: INFO: PayMdm Setup&#10;interface.venus: INFO: Init Venus Object&#10;interface.venus: INFO: ========Delete Old Venus Config========&#10;interface.venus: INFO: old application.properties file exist, remove it&#10;interface.venus: INFO: ========Create New Venus Config========&#10;interface.venus: INFO: VenusAddress venus.service.ipAddressList = 10.32.140.83:16800&#10;&#10;interface.venus: INFO: VenusConfig venus.socket.receiveBufferSize  = 64&#10;venus.socket.sendBufferSize = 64&#10;interface.venus: INFO: ========Run Venus Adaptor========&#10;interface.CreditSearchService.QueryBalance: INFO: CreditSearchService.QueryBalance start&#10;requests.packages.urllib3.connectionpool: INFO: Starting new HTTP connection (1): 127.0.0.1&#10;requests.packages.urllib3.connectionpool: DEBUG: "POST /services/CreditSearchService/queryBalance HTTP/1.1" 200 153&#10;interface.CreditSearchService.QueryBalance: INFO: dddddddddd&#10;--------------------- &gt;&gt; end captured logging &lt;&lt; ---------------------'><![CDATA[  File "C:\Python27\lib\unittest\case.py", line 329, in run
    testMethod()
  File "C:\Python27\lib\site-packages\nose\case.py", line 197, in runTest
    self.test(*self.arg)
  File "d:\GitHub_Project\src\TestCase\TestCase_PayMdm.py", line 93, in Test_QueryBalance
    eq_(55, 44, msg="interface stock is not equal redis stock")
  File "C:\Python27\lib\site-packages\nose\tools\trivial.py", line 29, in eq_
    raise AssertionError(msg or "%r != %r" % (a, b))
'interface stock is not equal redis stock\n-------------------- >> begin captured logging << --------------------\ninterface: INFO: Log file create\ninterface.PayMdm: INFO: PayMdm Setup\ninterface.venus: INFO: Init Venus Object\ninterface.venus: INFO: ========Delete Old Venus Config========\ninterface.venus: INFO: old application.properties file exist, remove it\ninterface.venus: INFO: ========Create New Venus Config========\ninterface.venus: INFO: VenusAddress venus.service.ipAddressList = 10.32.140.83:16800\n\ninterface.venus: INFO: VenusConfig venus.socket.receiveBufferSize  = 64\nvenus.socket.sendBufferSize = 64\ninterface.venus: INFO: ========Run Venus Adaptor========\ninterface.CreditSearchService.QueryBalance: INFO: CreditSearchService.QueryBalance start\nrequests.packages.urllib3.connectionpool: INFO: Starting new HTTP connection (1): 127.0.0.1\nrequests.packages.urllib3.connectionpool: DEBUG: "POST /services/CreditSearchService/queryBalance HTTP/1.1" 200 153\ninterface.CreditSearchService.QueryBalance: INFO: dddddddddd\n--------------------- >> end captured logging << ---------------------']]></failure></testcase><testcase classname="TestCase_PayMdm.Test_StockService" name="Test_QueryStockRedis" time="0.033"></testcase></testsuite>